<?xml version="1.0" encoding="UTF-8"?>
<!-- Generated by org.testng.reporters.JUnitReportReporter -->
<testsuite skipped="0" hostname="DESKTOP-08EKDQE" name="TestTwitter.TestTwittHome" tests="1" failures="0" timestamp="20 Jan 2018 18:33:23 GMT" time="25.905" errors="0">
  <testcase name="testHome" time="25.905" classname="TestTwitter.TestTwittHome"/>
</testsuite> <!-- TestTwitter.TestTwittHome -->
